[2026-06-03T13:29:41.089Z] [INFO] === IP Checklist Seed Generator === {"runId":"1A86C30C05D4","from":"2025-01-01","to":"2025-12-31","routes":"all","dryRun":true}
[2026-06-03T13:29:41.093Z] [INFO] [Phase 1] Generating SST classification lookups...
[2026-06-03T13:29:41.095Z] [INFO]   → 42 nodes
[2026-06-03T13:29:41.095Z] [INFO] [Phase 2] Generating CogniteAsset hierarchy + CogniteTimeSeries...
[2026-06-03T13:29:41.099Z] [INFO]   → 84 assets, 223 time series
[2026-06-03T13:29:41.100Z] [INFO] [Phase 3] Generating Template (v8) + TemplateItem (v7) + edges...
[2026-06-03T13:29:41.104Z] [INFO]   → 8 templates, 92 items, 92 specs, 92 edges
[2026-06-03T13:29:41.104Z] [INFO] [Phase 4] Generating Checklist (v7) + ChecklistItem (v7) + MeasurementReading (v4) + edges...
[2026-06-03T13:29:43.446Z] [INFO]   → 8760 checklists, 96114 items, 92087 readings
[2026-06-03T13:29:43.447Z] [INFO]      96114 checklist-edges, 92087 meas-edges
[2026-06-03T13:29:43.447Z] [INFO] [Phase 5a] Generating Observation (v5) + edges...
[2026-06-03T13:29:43.765Z] [INFO]   → 7438 observations, 7438 edges
[2026-06-03T13:29:43.766Z] [INFO] [Phase 5b] Generating KPIs...
[2026-06-03T13:29:59.962Z] [INFO]   → 7692 kpis, 71 health, 96 route snapshots, 47 trends
[2026-06-03T13:29:59.963Z] [INFO] [Phase 6] Writing seed manifest...
[2026-06-03T13:29:59.964Z] [INFO] 
[2026-06-03T13:29:59.964Z] [INFO] === Seed generation complete ===
[2026-06-03T13:29:59.964Z] [INFO]   Run ID : 1A86C30C05D4
[2026-06-03T13:29:59.964Z] [INFO]   Output : C:\Training_Flows\radix-treinamento-cognite-flow-grupo-1\ipaper-checklist-management\docs\Seed\generated\run-2025-01-01-1A86C30C
[2026-06-03T13:29:59.977Z] [INFO]   Total  : 408.577 instances (nodes + edges)
[2026-06-03T13:29:59.977Z] [INFO] 
[2026-06-03T13:29:59.977Z] [INFO]   Breakdown:
[2026-06-03T13:29:59.977Z] [INFO]     classification               42
[2026-06-03T13:29:59.978Z] [INFO]     assets                       84
[2026-06-03T13:29:59.978Z] [INFO]     timeseries                  223
[2026-06-03T13:29:59.978Z] [INFO]     templates                     8
[2026-06-03T13:29:59.978Z] [INFO]     templateItems                92
[2026-06-03T13:29:59.978Z] [INFO]     measSpecs                    92
[2026-06-03T13:29:59.978Z] [INFO]     templateEdges                92
[2026-06-03T13:29:59.978Z] [INFO]     checklists                 8760
[2026-06-03T13:29:59.978Z] [INFO]     checklistItems            96114
[2026-06-03T13:29:59.978Z] [INFO]     checklistEdges            96114
[2026-06-03T13:29:59.978Z] [INFO]     measurements              92087
[2026-06-03T13:29:59.978Z] [INFO]     measEdges                 92087
[2026-06-03T13:29:59.978Z] [INFO]     observations               7438
[2026-06-03T13:29:59.979Z] [INFO]     obsEdges                   7438
[2026-06-03T13:29:59.979Z] [INFO]     checklistKpis              7692
[2026-06-03T13:29:59.979Z] [INFO]     healthIndexes                71
[2026-06-03T13:29:59.979Z] [INFO]     routeKpis                    96
[2026-06-03T13:29:59.979Z] [INFO]     measurementTrends            47
[2026-06-03T13:29:59.979Z] [INFO] 
[2026-06-03T13:29:59.980Z] [INFO] [DRY-RUN] JSON files written. CDF NOT modified.
[2026-06-03T13:29:59.980Z] [INFO] To ingest: node scripts/seed/index.mjs --from 2025-01-01 --to 2025-12-31
