[2026-06-03T19:16:05.121Z] [INFO] === IP Checklist Seed Generator === {"runId":"B663A49E4A69","from":"2025-01-01","to":"2026-06-03","routes":"all","dryRun":true}
[2026-06-03T19:16:05.125Z] [INFO] [Phase 1] Generating SST classification lookups...
[2026-06-03T19:16:05.128Z] [INFO]   → 42 nodes
[2026-06-03T19:16:05.128Z] [INFO] [Phase 2] Generating CogniteAsset hierarchy + CogniteTimeSeries...
[2026-06-03T19:16:05.133Z] [INFO]   → 84 assets, 223 time series
[2026-06-03T19:16:05.133Z] [INFO] [Phase 3] Generating Template (v8) + TemplateItem (v7) + edges...
[2026-06-03T19:16:05.140Z] [INFO]   → 8 templates, 92 items, 92 specs, 92 edges
[2026-06-03T19:16:05.140Z] [INFO] [Phase 4] Generating Checklist (v7) + ChecklistItem (v7) + MeasurementReading (v4) + edges...
[2026-06-03T19:16:11.470Z] [INFO]   → 12456 checklists, 143233 items, 138172 readings
[2026-06-03T19:16:11.472Z] [INFO]      143233 checklist-edges, 138172 meas-edges
[2026-06-03T19:16:11.473Z] [INFO] [Phase 5a] Generating Observation (v5) + edges...
[2026-06-03T19:16:11.574Z] [INFO]   → 3302 observations, 3302 edges
[2026-06-03T19:16:11.574Z] [INFO] [Phase 5b] Generating KPIs...
[2026-06-03T19:16:17.435Z] [INFO]   → 6815 kpis, 71 health, 144 route snapshots, 47 trends
[2026-06-03T19:16:17.436Z] [INFO] [Phase 6] Writing seed manifest...
[2026-06-03T19:16:17.437Z] [INFO] 
[2026-06-03T19:16:17.437Z] [INFO] === Seed generation complete ===
[2026-06-03T19:16:17.437Z] [INFO]   Run ID : B663A49E4A69
[2026-06-03T19:16:17.437Z] [INFO]   Output : C:\Radix\TreinamentoFlow\radix-treinamento-cognite-flow-grupo-1\ipaper-checklist-management\docs\Seed\generated\run-2025-01-01-B663A49E
[2026-06-03T19:16:17.500Z] [INFO]   Total  : 589.580 instances (nodes + edges)
[2026-06-03T19:16:17.500Z] [INFO] 
[2026-06-03T19:16:17.500Z] [INFO]   Breakdown:
[2026-06-03T19:16:17.500Z] [INFO]     classification               42
[2026-06-03T19:16:17.501Z] [INFO]     assets                       84
[2026-06-03T19:16:17.501Z] [INFO]     timeseries                  223
[2026-06-03T19:16:17.501Z] [INFO]     templates                     8
[2026-06-03T19:16:17.501Z] [INFO]     templateItems                92
[2026-06-03T19:16:17.501Z] [INFO]     measSpecs                    92
[2026-06-03T19:16:17.501Z] [INFO]     templateEdges                92
[2026-06-03T19:16:17.501Z] [INFO]     checklists                12456
[2026-06-03T19:16:17.501Z] [INFO]     checklistItems           143233
[2026-06-03T19:16:17.502Z] [INFO]     checklistEdges           143233
[2026-06-03T19:16:17.502Z] [INFO]     measurements             138172
[2026-06-03T19:16:17.502Z] [INFO]     measEdges                138172
[2026-06-03T19:16:17.502Z] [INFO]     observations               3302
[2026-06-03T19:16:17.502Z] [INFO]     obsEdges                   3302
[2026-06-03T19:16:17.502Z] [INFO]     checklistKpis              6815
[2026-06-03T19:16:17.502Z] [INFO]     healthIndexes                71
[2026-06-03T19:16:17.502Z] [INFO]     routeKpis                   144
[2026-06-03T19:16:17.503Z] [INFO]     measurementTrends            47
[2026-06-03T19:16:17.503Z] [INFO] 
[2026-06-03T19:16:17.503Z] [INFO] [DRY-RUN] JSON files written. CDF NOT modified.
[2026-06-03T19:16:17.503Z] [INFO] To ingest: npm run seed:ingest  (run dir: run-2025-01-01-B663A49E)
