[2026-06-03T07:36:28.631Z] [INFO] === IP Checklist Seed Generator === {"runId":"D51247D62246","from":"2025-01-01","to":"2025-12-31","routes":"all","dryRun":true}
[2026-06-03T07:36:28.634Z] [INFO] [Phase 1] Generating SST classification lookups...
[2026-06-03T07:36:28.635Z] [INFO]   → 42 nodes
[2026-06-03T07:36:28.635Z] [INFO] [Phase 2] Generating CogniteAsset hierarchy + CogniteTimeSeries...
[2026-06-03T07:36:28.638Z] [INFO]   → 84 assets, 223 time series
[2026-06-03T07:36:28.638Z] [INFO] [Phase 3] Generating Template (v8) + TemplateItem (v7) + edges...
[2026-06-03T07:36:28.641Z] [INFO]   → 8 templates, 92 items, 92 specs, 92 edges
[2026-06-03T07:36:28.641Z] [INFO] [Phase 4] Generating Checklist (v7) + ChecklistItem (v7) + MeasurementReading (v4) + edges...
[2026-06-03T07:36:31.216Z] [INFO]   → 8760 checklists, 95483 items, 91450 readings
[2026-06-03T07:36:31.216Z] [INFO]      95483 checklist-edges, 91450 meas-edges
[2026-06-03T07:36:31.216Z] [INFO] [Phase 5a] Generating Observation (v5) + edges...
[2026-06-03T07:36:31.481Z] [INFO]   → 7497 observations, 7497 edges
[2026-06-03T07:36:31.481Z] [INFO] [Phase 5b] Generating KPIs...
[2026-06-03T07:36:39.613Z] [INFO]   → 7673 kpis, 83 health, 96 route snapshots, 0 trends
[2026-06-03T07:36:39.613Z] [INFO] [Phase 6] Writing seed manifest...
[2026-06-03T07:36:39.614Z] [INFO] 
[2026-06-03T07:36:39.614Z] [INFO] === Seed generation complete ===
[2026-06-03T07:36:39.614Z] [INFO]   Run ID : D51247D62246
[2026-06-03T07:36:39.614Z] [INFO]   Output : C:\Training_Flows\radix-treinamento-cognite-flow-grupo-1\ipaper-checklist-management\docs\Seed\generated\run-2025-01-01-D51247D6
[2026-06-03T07:36:39.627Z] [INFO]   Total  : 406.105 instances (nodes + edges)
[2026-06-03T07:36:39.627Z] [INFO] 
[2026-06-03T07:36:39.628Z] [INFO]   Breakdown:
[2026-06-03T07:36:39.628Z] [INFO]     classification               42
[2026-06-03T07:36:39.628Z] [INFO]     assets                       84
[2026-06-03T07:36:39.628Z] [INFO]     timeseries                  223
[2026-06-03T07:36:39.628Z] [INFO]     templates                     8
[2026-06-03T07:36:39.628Z] [INFO]     templateItems                92
[2026-06-03T07:36:39.628Z] [INFO]     measSpecs                    92
[2026-06-03T07:36:39.628Z] [INFO]     templateEdges                92
[2026-06-03T07:36:39.628Z] [INFO]     checklists                 8760
[2026-06-03T07:36:39.628Z] [INFO]     checklistItems            95483
[2026-06-03T07:36:39.628Z] [INFO]     checklistEdges            95483
[2026-06-03T07:36:39.628Z] [INFO]     measurements              91450
[2026-06-03T07:36:39.628Z] [INFO]     measEdges                 91450
[2026-06-03T07:36:39.628Z] [INFO]     observations               7497
[2026-06-03T07:36:39.628Z] [INFO]     obsEdges                   7497
[2026-06-03T07:36:39.628Z] [INFO]     checklistKpis              7673
[2026-06-03T07:36:39.628Z] [INFO]     healthIndexes                83
[2026-06-03T07:36:39.628Z] [INFO]     routeKpis                    96
[2026-06-03T07:36:39.628Z] [INFO]     measurementTrends             0
[2026-06-03T07:36:39.628Z] [INFO] 
[2026-06-03T07:36:39.628Z] [INFO] [DRY-RUN] JSON files written. CDF NOT modified.
[2026-06-03T07:36:39.628Z] [INFO] To ingest: node scripts/seed/index.mjs --from 2025-01-01 --to 2025-12-31
