[2026-06-03T07:50:02.644Z] [INFO] === IP Checklist Seed Generator === {"runId":"2C9642B37C53","from":"2025-01-01","to":"2025-01-07","routes":"all","dryRun":true}
[2026-06-03T07:50:02.649Z] [INFO] [Phase 1] Generating SST classification lookups...
[2026-06-03T07:50:02.650Z] [INFO]   → 42 nodes
[2026-06-03T07:50:02.651Z] [INFO] [Phase 2] Generating CogniteAsset hierarchy + CogniteTimeSeries...
[2026-06-03T07:50:02.654Z] [INFO]   → 84 assets, 223 time series
[2026-06-03T07:50:02.654Z] [INFO] [Phase 3] Generating Template (v8) + TemplateItem (v7) + edges...
[2026-06-03T07:50:02.657Z] [INFO]   → 8 templates, 92 items, 92 specs, 92 edges
[2026-06-03T07:50:02.657Z] [INFO] [Phase 4] Generating Checklist (v7) + ChecklistItem (v7) + MeasurementReading (v4) + edges...
[2026-06-03T07:50:02.714Z] [INFO]   → 168 checklists, 1773 items, 1393 readings
[2026-06-03T07:50:02.714Z] [INFO]      1773 checklist-edges, 1393 meas-edges
[2026-06-03T07:50:02.714Z] [INFO] [Phase 5a] Generating Observation (v5) + edges...
[2026-06-03T07:50:02.719Z] [INFO]   → 117 observations, 117 edges
[2026-06-03T07:50:02.720Z] [INFO] [Phase 5b] Generating KPIs...
[2026-06-03T07:50:02.746Z] [INFO]   → 146 kpis, 83 health, 8 route snapshots, 0 trends
[2026-06-03T07:50:02.746Z] [INFO] [Phase 6] Writing seed manifest...
[2026-06-03T07:50:02.746Z] [INFO] 
[2026-06-03T07:50:02.746Z] [INFO] === Seed generation complete ===
[2026-06-03T07:50:02.746Z] [INFO]   Run ID : 2C9642B37C53
[2026-06-03T07:50:02.746Z] [INFO]   Output : C:\Training_Flows\radix-treinamento-cognite-flow-grupo-1\ipaper-checklist-management\docs\Seed\generated\run-2025-01-01-2C9642B3
[2026-06-03T07:50:02.762Z] [INFO]   Total  : 7.604 instances (nodes + edges)
[2026-06-03T07:50:02.762Z] [INFO] 
[2026-06-03T07:50:02.762Z] [INFO]   Breakdown:
[2026-06-03T07:50:02.762Z] [INFO]     classification               42
[2026-06-03T07:50:02.762Z] [INFO]     assets                       84
[2026-06-03T07:50:02.762Z] [INFO]     timeseries                  223
[2026-06-03T07:50:02.762Z] [INFO]     templates                     8
[2026-06-03T07:50:02.762Z] [INFO]     templateItems                92
[2026-06-03T07:50:02.762Z] [INFO]     measSpecs                    92
[2026-06-03T07:50:02.762Z] [INFO]     templateEdges                92
[2026-06-03T07:50:02.762Z] [INFO]     checklists                  168
[2026-06-03T07:50:02.762Z] [INFO]     checklistItems             1773
[2026-06-03T07:50:02.762Z] [INFO]     checklistEdges             1773
[2026-06-03T07:50:02.762Z] [INFO]     measurements               1393
[2026-06-03T07:50:02.762Z] [INFO]     measEdges                  1393
[2026-06-03T07:50:02.762Z] [INFO]     observations                117
[2026-06-03T07:50:02.763Z] [INFO]     obsEdges                    117
[2026-06-03T07:50:02.763Z] [INFO]     checklistKpis               146
[2026-06-03T07:50:02.763Z] [INFO]     healthIndexes                83
[2026-06-03T07:50:02.763Z] [INFO]     routeKpis                     8
[2026-06-03T07:50:02.763Z] [INFO]     measurementTrends             0
[2026-06-03T07:50:02.763Z] [INFO] 
[2026-06-03T07:50:02.763Z] [INFO] [DRY-RUN] JSON files written. CDF NOT modified.
[2026-06-03T07:50:02.763Z] [INFO] To ingest: node scripts/seed/index.mjs --from 2025-01-01 --to 2025-12-31
