[2026-06-03T19:43:01.115Z] [INFO] === IP Checklist Seed Generator === {"runId":"85B7AFF90017","from":"2025-01-01","to":"2025-12-31","routes":"all","dryRun":true}
[2026-06-03T19:43:01.119Z] [INFO] [Phase 1] Generating SST classification lookups...
[2026-06-03T19:43:01.122Z] [INFO]   → 42 nodes
[2026-06-03T19:43:01.122Z] [INFO] [Phase 2] Generating CogniteAsset hierarchy + CogniteTimeSeries...
[2026-06-03T19:43:01.130Z] [INFO]   → 84 assets, 223 time series
[2026-06-03T19:43:01.130Z] [INFO] [Phase 3] Generating Template (v8) + TemplateItem (v7) + edges...
[2026-06-03T19:43:01.137Z] [INFO]   → 8 templates, 92 items, 92 specs, 92 edges
[2026-06-03T19:43:01.137Z] [INFO] [Phase 4] Generating Checklist (v7) + ChecklistItem (v7) + MeasurementReading (v4) + edges...
[2026-06-03T19:43:06.871Z] [INFO]   → 8760 checklists, 100740 items, 96473 readings
[2026-06-03T19:43:06.872Z] [INFO]      100740 checklist-edges, 96473 meas-edges
[2026-06-03T19:43:06.873Z] [INFO] [Phase 5a] Generating Observation (v5) + edges...
[2026-06-03T19:43:06.958Z] [INFO]   → 2295 observations, 2295 edges
[2026-06-03T19:43:06.958Z] [INFO] [Phase 5b] Generating KPIs...
[2026-06-03T19:43:11.193Z] [INFO]   → 4719 kpis, 71 health, 96 route snapshots, 47 trends
[2026-06-03T19:43:11.193Z] [INFO] [Phase 6] Writing seed manifest...
[2026-06-03T19:43:11.194Z] [INFO] 
[2026-06-03T19:43:11.194Z] [INFO] === Seed generation complete ===
[2026-06-03T19:43:11.194Z] [INFO]   Run ID : 85B7AFF90017
[2026-06-03T19:43:11.194Z] [INFO]   Output : C:\repositories\radix-treinamento-cognite-flow-grupo-1\ipaper-checklist-management\docs\Seed\generated\run-2025-01-01-85B7AFF9
[2026-06-03T19:43:11.229Z] [INFO]   Total  : 413,342 instances (nodes + edges)
[2026-06-03T19:43:11.230Z] [INFO] 
[2026-06-03T19:43:11.230Z] [INFO]   Breakdown:
[2026-06-03T19:43:11.230Z] [INFO]     classification               42
[2026-06-03T19:43:11.230Z] [INFO]     assets                       84
[2026-06-03T19:43:11.230Z] [INFO]     timeseries                  223
[2026-06-03T19:43:11.230Z] [INFO]     templates                     8
[2026-06-03T19:43:11.230Z] [INFO]     templateItems                92
[2026-06-03T19:43:11.230Z] [INFO]     measSpecs                    92
[2026-06-03T19:43:11.230Z] [INFO]     templateEdges                92
[2026-06-03T19:43:11.230Z] [INFO]     checklists                 8760
[2026-06-03T19:43:11.230Z] [INFO]     checklistItems           100740
[2026-06-03T19:43:11.230Z] [INFO]     checklistEdges           100740
[2026-06-03T19:43:11.230Z] [INFO]     measurements              96473
[2026-06-03T19:43:11.230Z] [INFO]     measEdges                 96473
[2026-06-03T19:43:11.230Z] [INFO]     observations               2295
[2026-06-03T19:43:11.230Z] [INFO]     obsEdges                   2295
[2026-06-03T19:43:11.230Z] [INFO]     checklistKpis              4719
[2026-06-03T19:43:11.230Z] [INFO]     healthIndexes                71
[2026-06-03T19:43:11.230Z] [INFO]     routeKpis                    96
[2026-06-03T19:43:11.230Z] [INFO]     measurementTrends            47
[2026-06-03T19:43:11.230Z] [INFO] 
[2026-06-03T19:43:11.230Z] [INFO] [DRY-RUN] JSON files written. CDF NOT modified.
[2026-06-03T19:43:11.230Z] [INFO] To ingest: npm run seed:ingest  (run dir: run-2025-01-01-85B7AFF9)
