[2026-06-03T07:29:38.649Z] [INFO] === IP Checklist Seed Generator === {"runId":"8A7C5246BAE7","from":"2025-01-01","to":"2025-12-31","routes":"all","dryRun":true}
[2026-06-03T07:29:38.651Z] [INFO] [Phase 1] Generating SST classification lookups...
[2026-06-03T07:29:38.654Z] [INFO]   → 42 nodes
[2026-06-03T07:29:38.654Z] [INFO] [Phase 2] Generating CogniteAsset hierarchy + CogniteTimeSeries...
[2026-06-03T07:29:38.657Z] [INFO]   → 84 assets, 223 time series
[2026-06-03T07:29:38.657Z] [INFO] [Phase 3] Generating Template (v8) + TemplateItem (v7) + edges...
[2026-06-03T07:29:38.661Z] [INFO]   → 8 templates, 92 items, 92 specs, 92 edges
[2026-06-03T07:29:38.661Z] [INFO] [Phase 4] Generating Checklist (v7) + ChecklistItem (v7) + MeasurementReading (v4) + edges...
[2026-06-03T07:29:41.419Z] [INFO]   → 8760 checklists, 95489 items, 91470 readings
[2026-06-03T07:29:41.419Z] [INFO]      95489 checklist-edges, 91470 meas-edges
[2026-06-03T07:29:41.419Z] [INFO] [Phase 5a] Generating Observation (v5) + edges...
[2026-06-03T07:29:41.689Z] [INFO]   → 7609 observations, 7609 edges
[2026-06-03T07:29:41.690Z] [INFO] [Phase 5b] Generating KPIs...
[2026-06-03T07:29:49.698Z] [INFO]   → 7708 kpis, 83 health, 96 route snapshots, 0 trends
[2026-06-03T07:29:49.698Z] [INFO] [Phase 6] Writing seed manifest...
[2026-06-03T07:29:49.698Z] [INFO] 
[2026-06-03T07:29:49.698Z] [INFO] === Seed generation complete ===
[2026-06-03T07:29:49.698Z] [INFO]   Run ID : 8A7C5246BAE7
[2026-06-03T07:29:49.698Z] [INFO]   Output : C:\Training_Flows\radix-treinamento-cognite-flow-grupo-1\ipaper-checklist-management\docs\Seed\generated\run-2025-01-01-8A7C5246
[2026-06-03T07:29:49.710Z] [INFO]   Total  : 406.416 instances (nodes + edges)
[2026-06-03T07:29:49.710Z] [INFO] 
[2026-06-03T07:29:49.711Z] [INFO]   Breakdown:
[2026-06-03T07:29:49.711Z] [INFO]     classification               42
[2026-06-03T07:29:49.711Z] [INFO]     assets                       84
[2026-06-03T07:29:49.711Z] [INFO]     timeseries                  223
[2026-06-03T07:29:49.711Z] [INFO]     templates                     8
[2026-06-03T07:29:49.711Z] [INFO]     templateItems                92
[2026-06-03T07:29:49.711Z] [INFO]     measSpecs                    92
[2026-06-03T07:29:49.711Z] [INFO]     templateEdges                92
[2026-06-03T07:29:49.711Z] [INFO]     checklists                 8760
[2026-06-03T07:29:49.711Z] [INFO]     checklistItems            95489
[2026-06-03T07:29:49.711Z] [INFO]     checklistEdges            95489
[2026-06-03T07:29:49.711Z] [INFO]     measurements              91470
[2026-06-03T07:29:49.711Z] [INFO]     measEdges                 91470
[2026-06-03T07:29:49.711Z] [INFO]     observations               7609
[2026-06-03T07:29:49.711Z] [INFO]     obsEdges                   7609
[2026-06-03T07:29:49.711Z] [INFO]     checklistKpis              7708
[2026-06-03T07:29:49.711Z] [INFO]     healthIndexes                83
[2026-06-03T07:29:49.711Z] [INFO]     routeKpis                    96
[2026-06-03T07:29:49.711Z] [INFO]     measurementTrends             0
[2026-06-03T07:29:49.711Z] [INFO] 
[2026-06-03T07:29:49.711Z] [INFO] [DRY-RUN] JSON files written. CDF NOT modified.
[2026-06-03T07:29:49.711Z] [INFO] To ingest: node scripts/seed/index.mjs --from 2025-01-01 --to 2025-12-31
