[2026-06-03T11:16:36.511Z] [INFO] === IP Checklist Seed Generator === {"runId":"98028942BFA0","from":"2025-01-01","to":"2025-12-31","routes":"all","dryRun":true}
[2026-06-03T11:16:36.514Z] [INFO] [Phase 1] Generating SST classification lookups...
[2026-06-03T11:16:36.516Z] [INFO]   → 42 nodes
[2026-06-03T11:16:36.516Z] [INFO] [Phase 2] Generating CogniteAsset hierarchy + CogniteTimeSeries...
[2026-06-03T11:16:36.519Z] [INFO]   → 84 assets, 223 time series
[2026-06-03T11:16:36.519Z] [INFO] [Phase 3] Generating Template (v8) + TemplateItem (v7) + edges...
[2026-06-03T11:16:36.522Z] [INFO]   → 8 templates, 92 items, 92 specs, 92 edges
[2026-06-03T11:16:36.522Z] [INFO] [Phase 4] Generating Checklist (v7) + ChecklistItem (v7) + MeasurementReading (v4) + edges...
[2026-06-03T11:16:39.433Z] [INFO]   → 8760 checklists, 95838 items, 91921 readings
[2026-06-03T11:16:39.433Z] [INFO]      95838 checklist-edges, 91921 meas-edges
[2026-06-03T11:16:39.433Z] [INFO] [Phase 5a] Generating Observation (v5) + edges...
[2026-06-03T11:16:39.725Z] [INFO]   → 7460 observations, 7460 edges
[2026-06-03T11:16:39.725Z] [INFO] [Phase 5b] Generating KPIs...
[2026-06-03T11:16:47.479Z] [INFO]   → 7667 kpis, 83 health, 96 route snapshots, 0 trends
[2026-06-03T11:16:47.479Z] [INFO] [Phase 6] Writing seed manifest...
[2026-06-03T11:16:47.480Z] [INFO] 
[2026-06-03T11:16:47.480Z] [INFO] === Seed generation complete ===
[2026-06-03T11:16:47.480Z] [INFO]   Run ID : 98028942BFA0
[2026-06-03T11:16:47.480Z] [INFO]   Output : C:\Training_Flows\radix-treinamento-cognite-flow-grupo-1\ipaper-checklist-management\docs\Seed\generated\run-2025-01-01-98028942
[2026-06-03T11:16:47.527Z] [INFO]   Total  : 407.677 instances (nodes + edges)
[2026-06-03T11:16:47.527Z] [INFO] 
[2026-06-03T11:16:47.527Z] [INFO]   Breakdown:
[2026-06-03T11:16:47.527Z] [INFO]     classification               42
[2026-06-03T11:16:47.527Z] [INFO]     assets                       84
[2026-06-03T11:16:47.527Z] [INFO]     timeseries                  223
[2026-06-03T11:16:47.527Z] [INFO]     templates                     8
[2026-06-03T11:16:47.527Z] [INFO]     templateItems                92
[2026-06-03T11:16:47.527Z] [INFO]     measSpecs                    92
[2026-06-03T11:16:47.527Z] [INFO]     templateEdges                92
[2026-06-03T11:16:47.527Z] [INFO]     checklists                 8760
[2026-06-03T11:16:47.527Z] [INFO]     checklistItems            95838
[2026-06-03T11:16:47.527Z] [INFO]     checklistEdges            95838
[2026-06-03T11:16:47.527Z] [INFO]     measurements              91921
[2026-06-03T11:16:47.527Z] [INFO]     measEdges                 91921
[2026-06-03T11:16:47.527Z] [INFO]     observations               7460
[2026-06-03T11:16:47.527Z] [INFO]     obsEdges                   7460
[2026-06-03T11:16:47.527Z] [INFO]     checklistKpis              7667
[2026-06-03T11:16:47.527Z] [INFO]     healthIndexes                83
[2026-06-03T11:16:47.527Z] [INFO]     routeKpis                    96
[2026-06-03T11:16:47.527Z] [INFO]     measurementTrends             0
[2026-06-03T11:16:47.527Z] [INFO] 
[2026-06-03T11:16:47.527Z] [INFO] [DRY-RUN] JSON files written. CDF NOT modified.
[2026-06-03T11:16:47.527Z] [INFO] To ingest: node scripts/seed/index.mjs --from 2025-01-01 --to 2025-12-31
