[2026-06-03T11:19:26.724Z] [INFO] === IP Checklist Seed Generator === {"runId":"C6867EC1D979","from":"2025-01-01","to":"2025-12-31","routes":"all","dryRun":true}
[2026-06-03T11:19:26.728Z] [INFO] [Phase 1] Generating SST classification lookups...
[2026-06-03T11:19:26.729Z] [INFO]   → 42 nodes
[2026-06-03T11:19:26.729Z] [INFO] [Phase 2] Generating CogniteAsset hierarchy + CogniteTimeSeries...
[2026-06-03T11:19:26.732Z] [INFO]   → 84 assets, 223 time series
[2026-06-03T11:19:26.732Z] [INFO] [Phase 3] Generating Template (v8) + TemplateItem (v7) + edges...
[2026-06-03T11:19:26.738Z] [INFO]   → 8 templates, 92 items, 92 specs, 92 edges
[2026-06-03T11:19:26.738Z] [INFO] [Phase 4] Generating Checklist (v7) + ChecklistItem (v7) + MeasurementReading (v4) + edges...
[2026-06-03T11:19:29.624Z] [INFO]   → 8760 checklists, 95697 items, 91695 readings
[2026-06-03T11:19:29.624Z] [INFO]      95697 checklist-edges, 91695 meas-edges
[2026-06-03T11:19:29.624Z] [INFO] [Phase 5a] Generating Observation (v5) + edges...
[2026-06-03T11:19:29.940Z] [INFO]   → 7547 observations, 7547 edges
[2026-06-03T11:19:29.941Z] [INFO] [Phase 5b] Generating KPIs...
[2026-06-03T11:19:40.548Z] [INFO]   → 7717 kpis, 83 health, 96 route snapshots, 47 trends
[2026-06-03T11:19:40.548Z] [INFO] [Phase 6] Writing seed manifest...
[2026-06-03T11:19:40.549Z] [INFO] 
[2026-06-03T11:19:40.549Z] [INFO] === Seed generation complete ===
[2026-06-03T11:19:40.549Z] [INFO]   Run ID : C6867EC1D979
[2026-06-03T11:19:40.549Z] [INFO]   Output : C:\Training_Flows\radix-treinamento-cognite-flow-grupo-1\ipaper-checklist-management\docs\Seed\generated\run-2025-01-01-C6867EC1
[2026-06-03T11:19:40.580Z] [INFO]   Total  : 407.214 instances (nodes + edges)
[2026-06-03T11:19:40.580Z] [INFO] 
[2026-06-03T11:19:40.580Z] [INFO]   Breakdown:
[2026-06-03T11:19:40.580Z] [INFO]     classification               42
[2026-06-03T11:19:40.580Z] [INFO]     assets                       84
[2026-06-03T11:19:40.580Z] [INFO]     timeseries                  223
[2026-06-03T11:19:40.580Z] [INFO]     templates                     8
[2026-06-03T11:19:40.580Z] [INFO]     templateItems                92
[2026-06-03T11:19:40.580Z] [INFO]     measSpecs                    92
[2026-06-03T11:19:40.580Z] [INFO]     templateEdges                92
[2026-06-03T11:19:40.580Z] [INFO]     checklists                 8760
[2026-06-03T11:19:40.580Z] [INFO]     checklistItems            95697
[2026-06-03T11:19:40.580Z] [INFO]     checklistEdges            95697
[2026-06-03T11:19:40.580Z] [INFO]     measurements              91695
[2026-06-03T11:19:40.580Z] [INFO]     measEdges                 91695
[2026-06-03T11:19:40.580Z] [INFO]     observations               7547
[2026-06-03T11:19:40.580Z] [INFO]     obsEdges                   7547
[2026-06-03T11:19:40.580Z] [INFO]     checklistKpis              7717
[2026-06-03T11:19:40.580Z] [INFO]     healthIndexes                83
[2026-06-03T11:19:40.580Z] [INFO]     routeKpis                    96
[2026-06-03T11:19:40.580Z] [INFO]     measurementTrends            47
[2026-06-03T11:19:40.580Z] [INFO] 
[2026-06-03T11:19:40.581Z] [INFO] [DRY-RUN] JSON files written. CDF NOT modified.
[2026-06-03T11:19:40.581Z] [INFO] To ingest: node scripts/seed/index.mjs --from 2025-01-01 --to 2025-12-31
