[2026-06-03T07:28:22.915Z] [INFO] === IP Checklist Seed Generator === {"runId":"237D430B5C4C","from":"2025-01-01","to":"2025-01-07","routes":"all","dryRun":true}
[2026-06-03T07:28:22.917Z] [INFO] [Phase 1] Generating SST classification lookups...
[2026-06-03T07:28:22.920Z] [INFO]   → 42 nodes
[2026-06-03T07:28:22.920Z] [INFO] [Phase 2] Generating CogniteAsset hierarchy + CogniteTimeSeries...
[2026-06-03T07:28:22.924Z] [INFO]   → 84 assets, 223 time series
[2026-06-03T07:28:22.924Z] [INFO] [Phase 3] Generating Template (v8) + TemplateItem (v7) + edges...
[2026-06-03T07:28:22.927Z] [INFO]   → 8 templates, 92 items, 92 specs, 92 edges
[2026-06-03T07:28:22.927Z] [INFO] [Phase 4] Generating Checklist (v7) + ChecklistItem (v7) + MeasurementReading (v4) + edges...
[2026-06-03T07:28:22.982Z] [INFO]   → 168 checklists, 1849 items, 1408 readings
[2026-06-03T07:28:22.983Z] [INFO]      1849 checklist-edges, 1408 meas-edges
[2026-06-03T07:28:22.983Z] [INFO] [Phase 5a] Generating Observation (v5) + edges...
[2026-06-03T07:28:22.992Z] [INFO]   → 124 observations, 124 edges
[2026-06-03T07:28:22.992Z] [INFO] [Phase 5b] Generating KPIs...
[2026-06-03T07:28:23.013Z] [INFO]   → 0 kpis, 83 health, 0 route snapshots, 0 trends
[2026-06-03T07:28:23.013Z] [INFO] [Phase 6] Writing seed manifest...
[2026-06-03T07:28:23.013Z] [INFO] 
[2026-06-03T07:28:23.013Z] [INFO] === Seed generation complete ===
[2026-06-03T07:28:23.013Z] [INFO]   Run ID : 237D430B5C4C
[2026-06-03T07:28:23.013Z] [INFO]   Output : C:\Training_Flows\radix-treinamento-cognite-flow-grupo-1\ipaper-checklist-management\docs\Seed\generated\run-2025-01-01-237D430B
[2026-06-03T07:28:23.024Z] [INFO]   Total  : 7.646 instances (nodes + edges)
[2026-06-03T07:28:23.024Z] [INFO] 
[2026-06-03T07:28:23.024Z] [INFO]   Breakdown:
[2026-06-03T07:28:23.024Z] [INFO]     classification               42
[2026-06-03T07:28:23.024Z] [INFO]     assets                       84
[2026-06-03T07:28:23.025Z] [INFO]     timeseries                  223
[2026-06-03T07:28:23.025Z] [INFO]     templates                     8
[2026-06-03T07:28:23.025Z] [INFO]     templateItems                92
[2026-06-03T07:28:23.025Z] [INFO]     measSpecs                    92
[2026-06-03T07:28:23.025Z] [INFO]     templateEdges                92
[2026-06-03T07:28:23.025Z] [INFO]     checklists                  168
[2026-06-03T07:28:23.025Z] [INFO]     checklistItems             1849
[2026-06-03T07:28:23.025Z] [INFO]     checklistEdges             1849
[2026-06-03T07:28:23.025Z] [INFO]     measurements               1408
[2026-06-03T07:28:23.025Z] [INFO]     measEdges                  1408
[2026-06-03T07:28:23.025Z] [INFO]     observations                124
[2026-06-03T07:28:23.025Z] [INFO]     obsEdges                    124
[2026-06-03T07:28:23.025Z] [INFO]     checklistKpis                 0
[2026-06-03T07:28:23.025Z] [INFO]     healthIndexes                83
[2026-06-03T07:28:23.025Z] [INFO]     routeKpis                     0
[2026-06-03T07:28:23.025Z] [INFO]     measurementTrends             0
[2026-06-03T07:28:23.025Z] [INFO] 
[2026-06-03T07:28:23.025Z] [INFO] [DRY-RUN] JSON files written. CDF NOT modified.
[2026-06-03T07:28:23.025Z] [INFO] To ingest: node scripts/seed/index.mjs --from 2025-01-01 --to 2025-12-31
