[2026-06-03T07:50:43.842Z] [INFO] === IP Checklist Seed Generator === {"runId":"0CE7B8EB5C1F","from":"2025-01-01","to":"2025-12-31","routes":"all","dryRun":true}
[2026-06-03T07:50:43.845Z] [INFO] [Phase 1] Generating SST classification lookups...
[2026-06-03T07:50:43.846Z] [INFO]   → 42 nodes
[2026-06-03T07:50:43.846Z] [INFO] [Phase 2] Generating CogniteAsset hierarchy + CogniteTimeSeries...
[2026-06-03T07:50:43.849Z] [INFO]   → 84 assets, 223 time series
[2026-06-03T07:50:43.849Z] [INFO] [Phase 3] Generating Template (v8) + TemplateItem (v7) + edges...
[2026-06-03T07:50:43.852Z] [INFO]   → 8 templates, 92 items, 92 specs, 92 edges
[2026-06-03T07:50:43.852Z] [INFO] [Phase 4] Generating Checklist (v7) + ChecklistItem (v7) + MeasurementReading (v4) + edges...
[2026-06-03T07:50:46.517Z] [INFO]   → 8760 checklists, 95552 items, 91576 readings
[2026-06-03T07:50:46.517Z] [INFO]      95552 checklist-edges, 91576 meas-edges
[2026-06-03T07:50:46.518Z] [INFO] [Phase 5a] Generating Observation (v5) + edges...
[2026-06-03T07:50:46.789Z] [INFO]   → 7434 observations, 7434 edges
[2026-06-03T07:50:46.789Z] [INFO] [Phase 5b] Generating KPIs...
[2026-06-03T07:50:54.467Z] [INFO]   → 7717 kpis, 83 health, 96 route snapshots, 0 trends
[2026-06-03T07:50:54.468Z] [INFO] [Phase 6] Writing seed manifest...
[2026-06-03T07:50:54.468Z] [INFO] 
[2026-06-03T07:50:54.468Z] [INFO] === Seed generation complete ===
[2026-06-03T07:50:54.468Z] [INFO]   Run ID : 0CE7B8EB5C1F
[2026-06-03T07:50:54.468Z] [INFO]   Output : C:\Training_Flows\radix-treinamento-cognite-flow-grupo-1\ipaper-checklist-management\docs\Seed\generated\run-2025-01-01-0CE7B8EB
[2026-06-03T07:50:54.480Z] [INFO]   Total  : 406.413 instances (nodes + edges)
[2026-06-03T07:50:54.480Z] [INFO] 
[2026-06-03T07:50:54.480Z] [INFO]   Breakdown:
[2026-06-03T07:50:54.480Z] [INFO]     classification               42
[2026-06-03T07:50:54.480Z] [INFO]     assets                       84
[2026-06-03T07:50:54.480Z] [INFO]     timeseries                  223
[2026-06-03T07:50:54.480Z] [INFO]     templates                     8
[2026-06-03T07:50:54.480Z] [INFO]     templateItems                92
[2026-06-03T07:50:54.480Z] [INFO]     measSpecs                    92
[2026-06-03T07:50:54.480Z] [INFO]     templateEdges                92
[2026-06-03T07:50:54.480Z] [INFO]     checklists                 8760
[2026-06-03T07:50:54.480Z] [INFO]     checklistItems            95552
[2026-06-03T07:50:54.480Z] [INFO]     checklistEdges            95552
[2026-06-03T07:50:54.480Z] [INFO]     measurements              91576
[2026-06-03T07:50:54.480Z] [INFO]     measEdges                 91576
[2026-06-03T07:50:54.480Z] [INFO]     observations               7434
[2026-06-03T07:50:54.480Z] [INFO]     obsEdges                   7434
[2026-06-03T07:50:54.480Z] [INFO]     checklistKpis              7717
[2026-06-03T07:50:54.480Z] [INFO]     healthIndexes                83
[2026-06-03T07:50:54.480Z] [INFO]     routeKpis                    96
[2026-06-03T07:50:54.480Z] [INFO]     measurementTrends             0
[2026-06-03T07:50:54.480Z] [INFO] 
[2026-06-03T07:50:54.480Z] [INFO] [DRY-RUN] JSON files written. CDF NOT modified.
[2026-06-03T07:50:54.480Z] [INFO] To ingest: node scripts/seed/index.mjs --from 2025-01-01 --to 2025-12-31
