[2026-06-03T11:29:19.826Z] [INFO] === IP Checklist Seed Generator === {"runId":"57898885BBDC","from":"2025-01-01","to":"2025-12-31","routes":"all","dryRun":true}
[2026-06-03T11:29:19.828Z] [INFO] [Phase 1] Generating SST classification lookups...
[2026-06-03T11:29:19.830Z] [INFO]   → 42 nodes
[2026-06-03T11:29:19.830Z] [INFO] [Phase 2] Generating CogniteAsset hierarchy + CogniteTimeSeries...
[2026-06-03T11:29:19.833Z] [INFO]   → 84 assets, 223 time series
[2026-06-03T11:29:19.833Z] [INFO] [Phase 3] Generating Template (v8) + TemplateItem (v7) + edges...
[2026-06-03T11:29:19.836Z] [INFO]   → 8 templates, 92 items, 92 specs, 92 edges
[2026-06-03T11:29:19.836Z] [INFO] [Phase 4] Generating Checklist (v7) + ChecklistItem (v7) + MeasurementReading (v4) + edges...
[2026-06-03T11:29:22.403Z] [INFO]   → 8760 checklists, 95602 items, 91617 readings
[2026-06-03T11:29:22.403Z] [INFO]      95602 checklist-edges, 91617 meas-edges
[2026-06-03T11:29:22.403Z] [INFO] [Phase 5a] Generating Observation (v5) + edges...
[2026-06-03T11:29:22.659Z] [INFO]   → 7625 observations, 7625 edges
[2026-06-03T11:29:22.659Z] [INFO] [Phase 5b] Generating KPIs...
[2026-06-03T11:29:31.090Z] [INFO]   → 7695 kpis, 71 health, 96 route snapshots, 47 trends
[2026-06-03T11:29:31.093Z] [INFO] [Phase 6] Writing seed manifest...
[2026-06-03T11:29:31.094Z] [INFO] 
[2026-06-03T11:29:31.094Z] [INFO] === Seed generation complete ===
[2026-06-03T11:29:31.094Z] [INFO]   Run ID : 57898885BBDC
[2026-06-03T11:29:31.094Z] [INFO]   Output : C:\Training_Flows\radix-treinamento-cognite-flow-grupo-1\ipaper-checklist-management\docs\Seed\generated\run-2025-01-01-57898885
[2026-06-03T11:29:31.107Z] [INFO]   Total  : 406.990 instances (nodes + edges)
[2026-06-03T11:29:31.107Z] [INFO] 
[2026-06-03T11:29:31.107Z] [INFO]   Breakdown:
[2026-06-03T11:29:31.107Z] [INFO]     classification               42
[2026-06-03T11:29:31.107Z] [INFO]     assets                       84
[2026-06-03T11:29:31.107Z] [INFO]     timeseries                  223
[2026-06-03T11:29:31.107Z] [INFO]     templates                     8
[2026-06-03T11:29:31.107Z] [INFO]     templateItems                92
[2026-06-03T11:29:31.107Z] [INFO]     measSpecs                    92
[2026-06-03T11:29:31.107Z] [INFO]     templateEdges                92
[2026-06-03T11:29:31.107Z] [INFO]     checklists                 8760
[2026-06-03T11:29:31.107Z] [INFO]     checklistItems            95602
[2026-06-03T11:29:31.107Z] [INFO]     checklistEdges            95602
[2026-06-03T11:29:31.107Z] [INFO]     measurements              91617
[2026-06-03T11:29:31.107Z] [INFO]     measEdges                 91617
[2026-06-03T11:29:31.107Z] [INFO]     observations               7625
[2026-06-03T11:29:31.107Z] [INFO]     obsEdges                   7625
[2026-06-03T11:29:31.107Z] [INFO]     checklistKpis              7695
[2026-06-03T11:29:31.107Z] [INFO]     healthIndexes                71
[2026-06-03T11:29:31.107Z] [INFO]     routeKpis                    96
[2026-06-03T11:29:31.107Z] [INFO]     measurementTrends            47
[2026-06-03T11:29:31.107Z] [INFO] 
[2026-06-03T11:29:31.107Z] [INFO] [DRY-RUN] JSON files written. CDF NOT modified.
[2026-06-03T11:29:31.107Z] [INFO] To ingest: node scripts/seed/index.mjs --from 2025-01-01 --to 2025-12-31
