[2026-06-03T11:59:29.409Z] [INFO] === IP Checklist Seed Cleaner === {"dryRun":true}
[2026-06-03T11:59:29.420Z] [INFO] Run dir: C:\Training_Flows\radix-treinamento-cognite-flow-grupo-1\ipaper-checklist-management\docs\Seed\generated\run-2025-01-01-57898885
[2026-06-03T11:59:29.444Z] [INFO]   [→] Deleting SeedManifest: 1 instances...
[2026-06-03T11:59:29.444Z] [INFO]       [DRY-RUN] skipped
[2026-06-03T11:59:29.446Z] [INFO]   [→] Deleting MeasurementTrend: 47 instances...
[2026-06-03T11:59:29.446Z] [INFO]       [DRY-RUN] skipped
[2026-06-03T11:59:29.447Z] [INFO]   [→] Deleting RouteKpiSnapshot: 96 instances...
[2026-06-03T11:59:29.448Z] [INFO]       [DRY-RUN] skipped
[2026-06-03T11:59:29.448Z] [INFO]   [→] Deleting EquipmentHealthIndex: 71 instances...
[2026-06-03T11:59:29.449Z] [INFO]       [DRY-RUN] skipped
[2026-06-03T11:59:29.488Z] [INFO]   [→] Deleting ChecklistKpi: 7.695 instances...
[2026-06-03T11:59:29.489Z] [INFO]       [DRY-RUN] skipped
[2026-06-03T11:59:29.524Z] [INFO]   [→] Deleting ChecklistItem→Observation edges: 7.625 instances...
[2026-06-03T11:59:29.524Z] [INFO]       [DRY-RUN] skipped
[2026-06-03T11:59:29.611Z] [INFO]   [→] Deleting Observation: 7.625 instances...
[2026-06-03T11:59:29.611Z] [INFO]       [DRY-RUN] skipped
[2026-06-03T11:59:30.232Z] [INFO]   [→] Deleting ChecklistItem→Measurement edges: 91.617 instances...
[2026-06-03T11:59:30.233Z] [INFO]       [DRY-RUN] skipped
[2026-06-03T11:59:31.052Z] [INFO]   [→] Deleting MeasurementReading: 91.617 instances...
[2026-06-03T11:59:31.052Z] [INFO]       [DRY-RUN] skipped
[2026-06-03T11:59:31.573Z] [INFO]   [→] Deleting Checklist→ChecklistItem edges: 95.602 instances...
[2026-06-03T11:59:31.574Z] [INFO]       [DRY-RUN] skipped
[2026-06-03T11:59:32.336Z] [INFO]   [→] Deleting ChecklistItem: 95.602 instances...
[2026-06-03T11:59:32.336Z] [INFO]       [DRY-RUN] skipped
[2026-06-03T11:59:32.427Z] [INFO]   [→] Deleting Checklist: 8.760 instances...
[2026-06-03T11:59:32.427Z] [INFO]       [DRY-RUN] skipped
[2026-06-03T11:59:32.428Z] [INFO]   [→] Deleting Template→TemplateItem edges: 92 instances...
[2026-06-03T11:59:32.428Z] [INFO]       [DRY-RUN] skipped
[2026-06-03T11:59:32.429Z] [INFO]   [→] Deleting MeasurementReading specs: 92 instances...
[2026-06-03T11:59:32.429Z] [INFO]       [DRY-RUN] skipped
[2026-06-03T11:59:32.430Z] [INFO]   [→] Deleting TemplateItem: 92 instances...
[2026-06-03T11:59:32.430Z] [INFO]       [DRY-RUN] skipped
[2026-06-03T11:59:32.431Z] [INFO]   [→] Deleting Template: 8 instances...
[2026-06-03T11:59:32.431Z] [INFO]       [DRY-RUN] skipped
[2026-06-03T11:59:32.433Z] [INFO]   [→] Deleting CogniteTimeSeries: 223 instances...
[2026-06-03T11:59:32.433Z] [INFO]       [DRY-RUN] skipped
[2026-06-03T11:59:32.435Z] [INFO]   [→] Deleting CogniteAsset: 84 instances...
[2026-06-03T11:59:32.435Z] [INFO]       [DRY-RUN] skipped
[2026-06-03T11:59:32.437Z] [INFO]   [→] Deleting SST Classification: 42 instances...
[2026-06-03T11:59:32.437Z] [INFO]       [DRY-RUN] skipped
[2026-06-03T11:59:32.437Z] [INFO] 
[2026-06-03T11:59:32.437Z] [INFO] === Cleanup complete ===
[2026-06-03T11:59:32.437Z] [INFO]   Total deleted: 406.991 instances
[2026-06-03T11:59:32.437Z] [INFO]   [DRY-RUN] — CDF NOT modified.
[2026-06-03T12:02:36.224Z] [INFO] === IP Checklist Seed Cleaner === {"dryRun":true}
[2026-06-03T12:02:36.233Z] [INFO] Run dir: C:\Training_Flows\radix-treinamento-cognite-flow-grupo-1\ipaper-checklist-management\docs\Seed\generated\run-2025-01-01-57898885 {"only":"ip"}
[2026-06-03T12:02:36.233Z] [INFO] Filtering to group 'ip': 6 file(s)
[2026-06-03T12:02:36.252Z] [INFO]   [→] Deleting SeedManifest: 1 instances...
[2026-06-03T12:02:36.252Z] [INFO]       [DRY-RUN] skipped
[2026-06-03T12:02:36.253Z] [INFO]   [→] Deleting MeasurementTrend: 47 instances...
[2026-06-03T12:02:36.253Z] [INFO]       [DRY-RUN] skipped
[2026-06-03T12:02:36.254Z] [INFO]   [→] Deleting RouteKpiSnapshot: 96 instances...
[2026-06-03T12:02:36.254Z] [INFO]       [DRY-RUN] skipped
[2026-06-03T12:02:36.255Z] [INFO]   [→] Deleting EquipmentHealthIndex: 71 instances...
[2026-06-03T12:02:36.255Z] [INFO]       [DRY-RUN] skipped
[2026-06-03T12:02:36.293Z] [INFO]   [→] Deleting ChecklistKpi: 7.695 instances...
[2026-06-03T12:02:36.293Z] [INFO]       [DRY-RUN] skipped
[2026-06-03T12:02:36.294Z] [INFO]   [→] Deleting SST Classification: 42 instances...
[2026-06-03T12:02:36.294Z] [INFO]       [DRY-RUN] skipped
[2026-06-03T12:02:36.294Z] [INFO] 
[2026-06-03T12:02:36.294Z] [INFO] === Cleanup complete ===
[2026-06-03T12:02:36.294Z] [INFO]   Total deleted: 7.952 instances
[2026-06-03T12:02:36.294Z] [INFO]   [DRY-RUN] — CDF NOT modified.
[2026-06-03T12:08:18.850Z] [INFO] === IP Checklist Seed Cleaner === {"dryRun":false}
[2026-06-03T12:08:18.903Z] [INFO] Run dir: C:\Training_Flows\radix-treinamento-cognite-flow-grupo-1\ipaper-checklist-management\docs\Seed\generated\run-2025-01-01-57898885 {"only":"ip"}
[2026-06-03T12:08:18.904Z] [INFO] Filtering to group 'ip': 6 file(s)
[2026-06-03T12:08:19.000Z] [INFO]   [→] Deleting SeedManifest: 1 instances...
[2026-06-03T12:08:20.863Z] [INFO]       done (1 deleted)
[2026-06-03T12:08:20.867Z] [INFO]   [→] Deleting MeasurementTrend: 47 instances...
[2026-06-03T12:08:21.454Z] [INFO]       done (47 deleted)
[2026-06-03T12:08:21.455Z] [INFO]   [→] Deleting RouteKpiSnapshot: 96 instances...
[2026-06-03T12:08:21.822Z] [INFO]       done (96 deleted)
[2026-06-03T12:08:21.824Z] [INFO]   [→] Deleting EquipmentHealthIndex: 71 instances...
[2026-06-03T12:08:22.156Z] [INFO]       done (71 deleted)
[2026-06-03T12:08:22.245Z] [INFO]   [→] Deleting ChecklistKpi: 7.695 instances...
[2026-06-03T12:08:29.993Z] [INFO]       done (7.695 deleted)
[2026-06-03T12:08:29.995Z] [INFO]   [→] Deleting SST Classification: 42 instances...
[2026-06-03T12:08:30.278Z] [INFO]       done (42 deleted)
[2026-06-03T12:08:30.279Z] [INFO] 
[2026-06-03T12:08:30.279Z] [INFO] === Cleanup complete ===
[2026-06-03T12:08:30.279Z] [INFO]   Total deleted: 7.952 instances
[2026-06-03T13:19:11.227Z] [INFO] === IP Checklist Seed Cleaner === {"dryRun":false}
[2026-06-03T13:19:11.234Z] [INFO] Run dir: C:\Training_Flows\radix-treinamento-cognite-flow-grupo-1\ipaper-checklist-management\docs\Seed\generated\run-2025-01-01-57898885 {"only":"ip"}
[2026-06-03T13:19:11.235Z] [INFO] Filtering to group 'ip': 6 file(s)
[2026-06-03T13:19:11.280Z] [INFO]   [→] Deleting SeedManifest: 1 instances...
[2026-06-03T13:19:12.712Z] [INFO]       done (1 deleted)
[2026-06-03T13:19:12.714Z] [INFO]   [→] Deleting MeasurementTrend: 47 instances...
[2026-06-03T13:19:12.947Z] [INFO]       done (47 deleted)
[2026-06-03T13:19:12.951Z] [INFO]   [→] Deleting RouteKpiSnapshot: 96 instances...
[2026-06-03T13:19:13.273Z] [INFO]       done (96 deleted)
[2026-06-03T13:19:13.278Z] [INFO]   [→] Deleting EquipmentHealthIndex: 71 instances...
[2026-06-03T13:19:13.548Z] [INFO]       done (71 deleted)
[2026-06-03T13:19:13.573Z] [INFO]   [→] Deleting ChecklistKpi: 7.695 instances...
[2026-06-03T13:19:21.347Z] [INFO]       done (7.695 deleted)
[2026-06-03T13:19:21.351Z] [INFO]   [→] Deleting SST Classification: 42 instances...
[2026-06-03T13:19:21.647Z] [INFO]       done (42 deleted)
[2026-06-03T13:19:21.647Z] [INFO] 
[2026-06-03T13:19:21.647Z] [INFO] === Cleanup complete ===
[2026-06-03T13:19:21.648Z] [INFO]   Total deleted: 7.952 instances
