[2026-06-03T08:03:05.269Z] [INFO] === IP Checklist Seed Generator === {"runId":"D0932D655D8E","from":"2025-01-01","to":"2025-12-31","routes":"all","dryRun":true}
[2026-06-03T08:03:05.271Z] [INFO] [Phase 1] Generating SST classification lookups...
[2026-06-03T08:03:05.273Z] [INFO]   → 42 nodes
[2026-06-03T08:03:05.273Z] [INFO] [Phase 2] Generating CogniteAsset hierarchy + CogniteTimeSeries...
[2026-06-03T08:03:05.278Z] [INFO]   → 84 assets, 223 time series
[2026-06-03T08:03:05.278Z] [INFO] [Phase 3] Generating Template (v8) + TemplateItem (v7) + edges...
[2026-06-03T08:03:05.281Z] [INFO]   → 8 templates, 92 items, 92 specs, 92 edges
[2026-06-03T08:03:05.281Z] [INFO] [Phase 4] Generating Checklist (v7) + ChecklistItem (v7) + MeasurementReading (v4) + edges...
[2026-06-03T08:03:07.943Z] [INFO]   → 8760 checklists, 95993 items, 92005 readings
[2026-06-03T08:03:07.944Z] [INFO]      95993 checklist-edges, 92005 meas-edges
[2026-06-03T08:03:07.944Z] [INFO] [Phase 5a] Generating Observation (v5) + edges...
[2026-06-03T08:03:08.225Z] [INFO]   → 7544 observations, 7544 edges
[2026-06-03T08:03:08.225Z] [INFO] [Phase 5b] Generating KPIs...
[2026-06-03T08:03:17.894Z] [INFO]   → 7685 kpis, 83 health, 96 route snapshots, 0 trends
[2026-06-03T08:03:17.894Z] [INFO] [Phase 6] Writing seed manifest...
[2026-06-03T08:03:17.894Z] [INFO] 
[2026-06-03T08:03:17.894Z] [INFO] === Seed generation complete ===
[2026-06-03T08:03:17.894Z] [INFO]   Run ID : D0932D655D8E
[2026-06-03T08:03:17.894Z] [INFO]   Output : C:\Training_Flows\radix-treinamento-cognite-flow-grupo-1\ipaper-checklist-management\docs\Seed\generated\run-2025-01-01-D0932D65
[2026-06-03T08:03:17.909Z] [INFO]   Total  : 408.341 instances (nodes + edges)
[2026-06-03T08:03:17.909Z] [INFO] 
[2026-06-03T08:03:17.909Z] [INFO]   Breakdown:
[2026-06-03T08:03:17.909Z] [INFO]     classification               42
[2026-06-03T08:03:17.909Z] [INFO]     assets                       84
[2026-06-03T08:03:17.909Z] [INFO]     timeseries                  223
[2026-06-03T08:03:17.909Z] [INFO]     templates                     8
[2026-06-03T08:03:17.909Z] [INFO]     templateItems                92
[2026-06-03T08:03:17.909Z] [INFO]     measSpecs                    92
[2026-06-03T08:03:17.909Z] [INFO]     templateEdges                92
[2026-06-03T08:03:17.909Z] [INFO]     checklists                 8760
[2026-06-03T08:03:17.909Z] [INFO]     checklistItems            95993
[2026-06-03T08:03:17.909Z] [INFO]     checklistEdges            95993
[2026-06-03T08:03:17.909Z] [INFO]     measurements              92005
[2026-06-03T08:03:17.909Z] [INFO]     measEdges                 92005
[2026-06-03T08:03:17.909Z] [INFO]     observations               7544
[2026-06-03T08:03:17.909Z] [INFO]     obsEdges                   7544
[2026-06-03T08:03:17.909Z] [INFO]     checklistKpis              7685
[2026-06-03T08:03:17.909Z] [INFO]     healthIndexes                83
[2026-06-03T08:03:17.909Z] [INFO]     routeKpis                    96
[2026-06-03T08:03:17.909Z] [INFO]     measurementTrends             0
[2026-06-03T08:03:17.909Z] [INFO] 
[2026-06-03T08:03:17.909Z] [INFO] [DRY-RUN] JSON files written. CDF NOT modified.
[2026-06-03T08:03:17.909Z] [INFO] To ingest: node scripts/seed/index.mjs --from 2025-01-01 --to 2025-12-31
